[8.941s] Invoking command in '/home/g-amer/ros2_ws/build/robot_nav': PYTHONPATH=/home/g-amer/ros2_ws/build/robot_nav/prefix_override:/usr/lib/python3/dist-packages/colcon_core/task/python/colcon_distutils_commands:/home/g-amer/ros2_ws/install/robot_nav/lib/python3.10/site-packages:${PYTHONPATH} /usr/bin/python3 -W ignore:setup.py install is deprecated -W ignore:easy_install command is deprecated setup.py develop --editable --build-directory /home/g-amer/ros2_ws/build/robot_nav/build --no-deps symlink_data
[9.107s] /home/g-amer/.local/lib/python3.10/site-packages/setuptools/_distutils/dist.py:289: UserWarning: Unknown distribution option: 'tests_require'
[9.107s]   warnings.warn(msg)
[9.315s] running develop
[9.650s] running egg_info
[9.665s] writing robot_nav.egg-info/PKG-INFO
[9.666s] writing dependency_links to robot_nav.egg-info/dependency_links.txt
[9.666s] writing entry points to robot_nav.egg-info/entry_points.txt
[9.666s] writing requirements to robot_nav.egg-info/requires.txt
[9.666s] writing top-level names to robot_nav.egg-info/top_level.txt
[9.915s] ERROR setuptools_scm._file_finders.git listing git files failed - pretending there aren't any
[10.866s] reading manifest file 'robot_nav.egg-info/SOURCES.txt'
[10.885s] writing manifest file 'robot_nav.egg-info/SOURCES.txt'
[10.917s] running build_ext
[10.943s] Creating /home/g-amer/ros2_ws/install/robot_nav/lib/python3.10/site-packages/robot-nav.egg-link (link to .)
[10.944s] Installing search_controller_node script to /home/g-amer/ros2_ws/install/robot_nav/lib/robot_nav
[10.945s] 
[10.945s] Installed /home/g-amer/ros2_ws/build/robot_nav
[10.945s] running symlink_data
[10.946s] symbolically linking /home/g-amer/ros2_ws/build/robot_nav/launch/search_controller.launch.py -> /home/g-amer/ros2_ws/install/robot_nav/share/robot_nav/launch
[10.971s] Invoked command in '/home/g-amer/ros2_ws/build/robot_nav' returned '0': PYTHONPATH=/home/g-amer/ros2_ws/build/robot_nav/prefix_override:/usr/lib/python3/dist-packages/colcon_core/task/python/colcon_distutils_commands:/home/g-amer/ros2_ws/install/robot_nav/lib/python3.10/site-packages:${PYTHONPATH} /usr/bin/python3 -W ignore:setup.py install is deprecated -W ignore:easy_install command is deprecated setup.py develop --editable --build-directory /home/g-amer/ros2_ws/build/robot_nav/build --no-deps symlink_data
