[1.752s] Invoking command in '/home/g-amer/ros2_ws/build/robot_nav': PYTHONPATH=/home/g-amer/ros2_ws/build/robot_nav/prefix_override:/usr/lib/python3/dist-packages/colcon_core/task/python/colcon_distutils_commands:/home/g-amer/ros2_ws/install/robot_nav/lib/python3.10/site-packages:${PYTHONPATH} /usr/bin/python3 -W ignore:setup.py install is deprecated -W ignore:easy_install command is deprecated setup.py develop --editable --build-directory /home/g-amer/ros2_ws/build/robot_nav/build --no-deps symlink_data
[1.908s] /home/g-amer/.local/lib/python3.10/site-packages/setuptools/_distutils/dist.py:289: UserWarning: Unknown distribution option: 'tests_require'
[1.908s]   warnings.warn(msg)
[2.120s] running develop
[2.393s] running egg_info
[2.458s] writing robot_nav.egg-info/PKG-INFO
[2.459s] writing dependency_links to robot_nav.egg-info/dependency_links.txt
[2.459s] writing entry points to robot_nav.egg-info/entry_points.txt
[2.459s] writing requirements to robot_nav.egg-info/requires.txt
[2.459s] writing top-level names to robot_nav.egg-info/top_level.txt
[2.717s] ERROR setuptools_scm._file_finders.git listing git files failed - pretending there aren't any
[3.157s] reading manifest file 'robot_nav.egg-info/SOURCES.txt'
[3.158s] writing manifest file 'robot_nav.egg-info/SOURCES.txt'
[3.176s] running build_ext
[3.176s] Creating /home/g-amer/ros2_ws/install/robot_nav/lib/python3.10/site-packages/robot-nav.egg-link (link to .)
[3.177s] Installing search_controller script to /home/g-amer/ros2_ws/install/robot_nav/lib/robot_nav
[3.177s] 
[3.177s] Installed /home/g-amer/ros2_ws/build/robot_nav
[3.177s] running symlink_data
[3.208s] Invoked command in '/home/g-amer/ros2_ws/build/robot_nav' returned '0': PYTHONPATH=/home/g-amer/ros2_ws/build/robot_nav/prefix_override:/usr/lib/python3/dist-packages/colcon_core/task/python/colcon_distutils_commands:/home/g-amer/ros2_ws/install/robot_nav/lib/python3.10/site-packages:${PYTHONPATH} /usr/bin/python3 -W ignore:setup.py install is deprecated -W ignore:easy_install command is deprecated setup.py develop --editable --build-directory /home/g-amer/ros2_ws/build/robot_nav/build --no-deps symlink_data
