[0.849s] Invoking command in '/home/g-amer/ros2_ws/build/robot_nav': PYTHONPATH=/home/g-amer/ros2_ws/build/robot_nav/prefix_override:/usr/lib/python3/dist-packages/colcon_core/task/python/colcon_distutils_commands:/home/g-amer/ros2_ws/install/robot_nav/lib/python3.10/site-packages:${PYTHONPATH} /usr/bin/python3 -W ignore:setup.py install is deprecated -W ignore:easy_install command is deprecated setup.py develop --editable --build-directory /home/g-amer/ros2_ws/build/robot_nav/build --no-deps symlink_data
[0.999s] /home/g-amer/.local/lib/python3.10/site-packages/setuptools/_distutils/dist.py:289: UserWarning: Unknown distribution option: 'tests_require'
[1.000s]   warnings.warn(msg)
[1.205s] running develop
[1.476s] running egg_info
[1.492s] writing robot_nav.egg-info/PKG-INFO
[1.493s] writing dependency_links to robot_nav.egg-info/dependency_links.txt
[1.493s] writing entry points to robot_nav.egg-info/entry_points.txt
[1.493s] writing requirements to robot_nav.egg-info/requires.txt
[1.493s] writing top-level names to robot_nav.egg-info/top_level.txt
[1.572s] ERROR setuptools_scm._file_finders.git listing git files failed - pretending there aren't any
[1.678s] reading manifest file 'robot_nav.egg-info/SOURCES.txt'
[1.679s] writing manifest file 'robot_nav.egg-info/SOURCES.txt'
[1.698s] running build_ext
[1.698s] Creating /home/g-amer/ros2_ws/install/robot_nav/lib/python3.10/site-packages/robot-nav.egg-link (link to .)
[1.698s] Installing search_controller_node script to /home/g-amer/ros2_ws/install/robot_nav/lib/robot_nav
[1.699s] 
[1.699s] Installed /home/g-amer/ros2_ws/build/robot_nav
[1.699s] running symlink_data
[1.729s] Invoked command in '/home/g-amer/ros2_ws/build/robot_nav' returned '0': PYTHONPATH=/home/g-amer/ros2_ws/build/robot_nav/prefix_override:/usr/lib/python3/dist-packages/colcon_core/task/python/colcon_distutils_commands:/home/g-amer/ros2_ws/install/robot_nav/lib/python3.10/site-packages:${PYTHONPATH} /usr/bin/python3 -W ignore:setup.py install is deprecated -W ignore:easy_install command is deprecated setup.py develop --editable --build-directory /home/g-amer/ros2_ws/build/robot_nav/build --no-deps symlink_data
