[0.898s] Invoking command in '/home/g-amer/ros2_ws/build/robot_nav': PYTHONPATH=/home/g-amer/ros2_ws/build/robot_nav/prefix_override:/usr/lib/python3/dist-packages/colcon_core/task/python/colcon_distutils_commands:/home/g-amer/ros2_ws/install/robot_nav/lib/python3.10/site-packages:${PYTHONPATH} /usr/bin/python3 -W ignore:setup.py install is deprecated -W ignore:easy_install command is deprecated setup.py develop --editable --build-directory /home/g-amer/ros2_ws/build/robot_nav/build --no-deps symlink_data --force
[1.058s] /home/g-amer/.local/lib/python3.10/site-packages/setuptools/_distutils/dist.py:289: UserWarning: Unknown distribution option: 'tests_require'
[1.058s]   warnings.warn(msg)
[1.267s] running develop
[1.538s] running egg_info
[1.554s] writing robot_nav.egg-info/PKG-INFO
[1.554s] writing dependency_links to robot_nav.egg-info/dependency_links.txt
[1.554s] writing entry points to robot_nav.egg-info/entry_points.txt
[1.555s] writing requirements to robot_nav.egg-info/requires.txt
[1.555s] writing top-level names to robot_nav.egg-info/top_level.txt
[1.637s] ERROR setuptools_scm._file_finders.git listing git files failed - pretending there aren't any
[1.747s] reading manifest file 'robot_nav.egg-info/SOURCES.txt'
[1.748s] writing manifest file 'robot_nav.egg-info/SOURCES.txt'
[1.767s] running build_ext
[1.767s] Creating /home/g-amer/ros2_ws/install/robot_nav/lib/python3.10/site-packages/robot-nav.egg-link (link to .)
[1.768s] Installing search_controller script to /home/g-amer/ros2_ws/install/robot_nav/lib/robot_nav
[1.768s] 
[1.768s] Installed /home/g-amer/ros2_ws/build/robot_nav
[1.768s] running symlink_data
[1.768s] symbolically linking /home/g-amer/ros2_ws/build/robot_nav/resource/robot_nav -> /home/g-amer/ros2_ws/install/robot_nav/share/ament_index/resource_index/packages
[1.769s] symbolically linking /home/g-amer/ros2_ws/build/robot_nav/package.xml -> /home/g-amer/ros2_ws/install/robot_nav/share/robot_nav
[1.769s] symbolically linking /home/g-amer/ros2_ws/build/robot_nav/config/nav2_params.yaml -> /home/g-amer/ros2_ws/install/robot_nav/share/robot_nav/config
[1.769s] symbolically linking /home/g-amer/ros2_ws/build/robot_nav/maps/my_map.yaml -> /home/g-amer/ros2_ws/install/robot_nav/share/robot_nav/maps
[1.769s] symbolically linking /home/g-amer/ros2_ws/build/robot_nav/maps/my_map.pgm -> /home/g-amer/ros2_ws/install/robot_nav/share/robot_nav/maps
[1.769s] symbolically linking /home/g-amer/ros2_ws/build/robot_nav/launch/nav2_launch.py -> /home/g-amer/ros2_ws/install/robot_nav/share/robot_nav/launch
[1.769s] symbolically linking /home/g-amer/ros2_ws/build/robot_nav/launch/search_controller.launch.py -> /home/g-amer/ros2_ws/install/robot_nav/share/robot_nav/launch
[1.770s] symbolically linking /home/g-amer/ros2_ws/build/robot_nav/rviz_config/turtlebot_clone.rviz -> /home/g-amer/ros2_ws/install/robot_nav/share/robot_nav/rviz_config
[1.795s] Invoked command in '/home/g-amer/ros2_ws/build/robot_nav' returned '0': PYTHONPATH=/home/g-amer/ros2_ws/build/robot_nav/prefix_override:/usr/lib/python3/dist-packages/colcon_core/task/python/colcon_distutils_commands:/home/g-amer/ros2_ws/install/robot_nav/lib/python3.10/site-packages:${PYTHONPATH} /usr/bin/python3 -W ignore:setup.py install is deprecated -W ignore:easy_install command is deprecated setup.py develop --editable --build-directory /home/g-amer/ros2_ws/build/robot_nav/build --no-deps symlink_data --force
