running develop
running egg_info
creating robot_nav.egg-info
writing robot_nav.egg-info/PKG-INFO
writing dependency_links to robot_nav.egg-info/dependency_links.txt
writing requirements to robot_nav.egg-info/requires.txt
writing top-level names to robot_nav.egg-info/top_level.txt
writing manifest file 'robot_nav.egg-info/SOURCES.txt'
reading manifest file 'robot_nav.egg-info/SOURCES.txt'
writing manifest file 'robot_nav.egg-info/SOURCES.txt'
running build_ext
Creating /home/g-amer/ros2_ws/install/robot_nav/lib/python3.10/site-packages/robot-nav.egg-link (link to .)

Installed /home/g-amer/ros2_ws/build/robot_nav
running symlink_data
creating /home/g-amer/ros2_ws/install/robot_nav/share/ament_index/resource_index/packages
symbolically linking /home/g-amer/ros2_ws/build/robot_nav/resource/robot_nav -> /home/g-amer/ros2_ws/install/robot_nav/share/ament_index/resource_index/packages
symbolically linking /home/g-amer/ros2_ws/build/robot_nav/package.xml -> /home/g-amer/ros2_ws/install/robot_nav/share/robot_nav
creating /home/g-amer/ros2_ws/install/robot_nav/share/robot_nav/config
symbolically linking /home/g-amer/ros2_ws/build/robot_nav/config/nav2_params.yaml -> /home/g-amer/ros2_ws/install/robot_nav/share/robot_nav/config
creating /home/g-amer/ros2_ws/install/robot_nav/share/robot_nav/maps
symbolically linking /home/g-amer/ros2_ws/build/robot_nav/maps/my_map.yaml -> /home/g-amer/ros2_ws/install/robot_nav/share/robot_nav/maps
symbolically linking /home/g-amer/ros2_ws/build/robot_nav/maps/my_map.pgm -> /home/g-amer/ros2_ws/install/robot_nav/share/robot_nav/maps
creating /home/g-amer/ros2_ws/install/robot_nav/share/robot_nav/launch
symbolically linking /home/g-amer/ros2_ws/build/robot_nav/launch/nav2_launch.py -> /home/g-amer/ros2_ws/install/robot_nav/share/robot_nav/launch
creating /home/g-amer/ros2_ws/install/robot_nav/share/robot_nav/rviz_config
symbolically linking /home/g-amer/ros2_ws/build/robot_nav/rviz_config/turtlebot_clone.rviz -> /home/g-amer/ros2_ws/install/robot_nav/share/robot_nav/rviz_config
