[4.476s] DEBUG:colcon:Command line arguments: ['/usr/bin/colcon', 'build', '--symlink-install']
[4.476s] DEBUG:colcon:Parsed command line arguments: Namespace(log_base=None, log_level=None, verb_name='build', build_base='build', install_base='install', merge_install=False, symlink_install=True, test_result_base=None, continue_on_error=False, executor='parallel', parallel_workers=16, event_handlers=None, ignore_user_meta=False, metas=['./colcon.meta'], base_paths=['.'], packages_ignore=None, packages_ignore_regex=None, paths=None, packages_up_to=None, packages_up_to_regex=None, packages_above=None, packages_above_and_dependencies=None, packages_above_depth=None, packages_select_by_dep=None, packages_skip_by_dep=None, packages_skip_up_to=None, packages_select_build_failed=False, packages_skip_build_finished=False, packages_select_test_failures=False, packages_skip_test_passed=False, packages_select=None, packages_skip=None, packages_select_regex=None, packages_skip_regex=None, packages_start=None, packages_end=None, allow_overriding=[], cmake_args=None, cmake_target=None, cmake_target_skip_unavailable=False, cmake_clean_cache=False, cmake_clean_first=False, cmake_force_configure=False, ament_cmake_args=None, catkin_cmake_args=None, catkin_skip_building_tests=False, mixin_files=None, mixin=None, verb_parser=<colcon_mixin.mixin.mixin_argument.MixinArgumentDecorator object at 0x7fc6d95a6e00>, verb_extension=<colcon_core.verb.build.BuildVerb object at 0x7fc6d95a6770>, main=<bound method BuildVerb.main of <colcon_core.verb.build.BuildVerb object at 0x7fc6d95a6770>>, mixin_verb=('build',))
[4.968s] Level 1:colcon.colcon_core.package_discovery:discover_packages(colcon_meta) check parameters
[4.968s] Level 1:colcon.colcon_core.package_discovery:discover_packages(recursive) check parameters
[4.968s] Level 1:colcon.colcon_core.package_discovery:discover_packages(ignore) check parameters
[4.968s] Level 1:colcon.colcon_core.package_discovery:discover_packages(path) check parameters
[4.968s] Level 1:colcon.colcon_core.package_discovery:discover_packages(colcon_meta) discover
[4.968s] Level 1:colcon.colcon_core.package_discovery:discover_packages(recursive) discover
[4.968s] INFO:colcon.colcon_core.package_discovery:Crawling recursively for packages in '/home/g-amer/ros2_ws'
[4.968s] Level 1:colcon.colcon_core.package_identification:_identify(.) by extensions ['ignore', 'ignore_ament_install']
[4.968s] Level 1:colcon.colcon_core.package_identification:_identify(.) by extension 'ignore'
[4.968s] Level 1:colcon.colcon_core.package_identification:_identify(.) by extension 'ignore_ament_install'
[4.968s] Level 1:colcon.colcon_core.package_identification:_identify(.) by extensions ['colcon_pkg']
[4.968s] Level 1:colcon.colcon_core.package_identification:_identify(.) by extension 'colcon_pkg'
[4.968s] Level 1:colcon.colcon_core.package_identification:_identify(.) by extensions ['colcon_meta']
[4.968s] Level 1:colcon.colcon_core.package_identification:_identify(.) by extension 'colcon_meta'
[4.968s] Level 1:colcon.colcon_core.package_identification:_identify(.) by extensions ['ros']
[4.968s] Level 1:colcon.colcon_core.package_identification:_identify(.) by extension 'ros'
[5.185s] Level 1:colcon.colcon_core.package_identification:_identify(.) by extensions ['cmake', 'python']
[5.185s] Level 1:colcon.colcon_core.package_identification:_identify(.) by extension 'cmake'
[5.185s] Level 1:colcon.colcon_core.package_identification:_identify(.) by extension 'python'
[5.185s] Level 1:colcon.colcon_core.package_identification:_identify(.) by extensions ['python_setup_py']
[5.185s] Level 1:colcon.colcon_core.package_identification:_identify(.) by extension 'python_setup_py'
[5.185s] Level 1:colcon.colcon_core.package_identification:_identify(build) by extensions ['ignore', 'ignore_ament_install']
[5.185s] Level 1:colcon.colcon_core.package_identification:_identify(build) by extension 'ignore'
[5.186s] Level 1:colcon.colcon_core.package_identification:_identify(build) ignored
[5.186s] Level 1:colcon.colcon_core.package_identification:_identify(install) by extensions ['ignore', 'ignore_ament_install']
[5.186s] Level 1:colcon.colcon_core.package_identification:_identify(install) by extension 'ignore'
[5.186s] Level 1:colcon.colcon_core.package_identification:_identify(install) ignored
[5.186s] Level 1:colcon.colcon_core.package_identification:_identify(log) by extensions ['ignore', 'ignore_ament_install']
[5.186s] Level 1:colcon.colcon_core.package_identification:_identify(log) by extension 'ignore'
[5.186s] Level 1:colcon.colcon_core.package_identification:_identify(log) ignored
[5.186s] Level 1:colcon.colcon_core.package_identification:_identify(src) by extensions ['ignore', 'ignore_ament_install']
[5.186s] Level 1:colcon.colcon_core.package_identification:_identify(src) by extension 'ignore'
[5.186s] Level 1:colcon.colcon_core.package_identification:_identify(src) by extension 'ignore_ament_install'
[5.186s] Level 1:colcon.colcon_core.package_identification:_identify(src) by extensions ['colcon_pkg']
[5.186s] Level 1:colcon.colcon_core.package_identification:_identify(src) by extension 'colcon_pkg'
[5.186s] Level 1:colcon.colcon_core.package_identification:_identify(src) by extensions ['colcon_meta']
[5.186s] Level 1:colcon.colcon_core.package_identification:_identify(src) by extension 'colcon_meta'
[5.186s] Level 1:colcon.colcon_core.package_identification:_identify(src) by extensions ['ros']
[5.186s] Level 1:colcon.colcon_core.package_identification:_identify(src) by extension 'ros'
[5.186s] Level 1:colcon.colcon_core.package_identification:_identify(src) by extensions ['cmake', 'python']
[5.186s] Level 1:colcon.colcon_core.package_identification:_identify(src) by extension 'cmake'
[5.186s] Level 1:colcon.colcon_core.package_identification:_identify(src) by extension 'python'
[5.186s] Level 1:colcon.colcon_core.package_identification:_identify(src) by extensions ['python_setup_py']
[5.186s] Level 1:colcon.colcon_core.package_identification:_identify(src) by extension 'python_setup_py'
[5.187s] Level 1:colcon.colcon_core.package_identification:_identify(src/robot_nav) by extensions ['ignore', 'ignore_ament_install']
[5.187s] Level 1:colcon.colcon_core.package_identification:_identify(src/robot_nav) by extension 'ignore'
[5.187s] Level 1:colcon.colcon_core.package_identification:_identify(src/robot_nav) by extension 'ignore_ament_install'
[5.187s] Level 1:colcon.colcon_core.package_identification:_identify(src/robot_nav) by extensions ['colcon_pkg']
[5.187s] Level 1:colcon.colcon_core.package_identification:_identify(src/robot_nav) by extension 'colcon_pkg'
[5.187s] Level 1:colcon.colcon_core.package_identification:_identify(src/robot_nav) by extensions ['colcon_meta']
[5.187s] Level 1:colcon.colcon_core.package_identification:_identify(src/robot_nav) by extension 'colcon_meta'
[5.187s] Level 1:colcon.colcon_core.package_identification:_identify(src/robot_nav) by extensions ['ros']
[5.187s] Level 1:colcon.colcon_core.package_identification:_identify(src/robot_nav) by extension 'ros'
[5.210s] DEBUG:colcon.colcon_core.package_identification:Package 'src/robot_nav' with type 'ros.ament_python' and name 'robot_nav'
[5.210s] Level 1:colcon.colcon_core.package_discovery:discover_packages(recursive) using defaults
[5.210s] Level 1:colcon.colcon_core.package_discovery:discover_packages(ignore) discover
[5.210s] Level 1:colcon.colcon_core.package_discovery:discover_packages(ignore) using defaults
[5.210s] Level 1:colcon.colcon_core.package_discovery:discover_packages(path) discover
[5.210s] Level 1:colcon.colcon_core.package_discovery:discover_packages(path) using defaults
[5.353s] Level 1:colcon.colcon_core.package_discovery:discover_packages(prefix_path) check parameters
[5.353s] Level 1:colcon.colcon_core.package_discovery:discover_packages(prefix_path) discover
[7.114s] DEBUG:colcon.colcon_installed_package_information.package_discovery:Found 1 installed packages in /home/g-amer/ros2_ws/install
[7.134s] DEBUG:colcon.colcon_installed_package_information.package_discovery:Found 1 installed packages in /home/g-amer/ydlidar_ros2_ws/install
[7.278s] DEBUG:colcon.colcon_installed_package_information.package_discovery:Found 17 installed packages in /home/g-amer/turtlebot3_ws/install
[7.488s] DEBUG:colcon.colcon_installed_package_information.package_discovery:Found 55 installed packages in /home/g-amer/ws_moveit2/install
[7.550s] DEBUG:colcon.colcon_installed_package_information.package_discovery:Found 444 installed packages in /opt/ros/humble
[7.553s] Level 1:colcon.colcon_core.package_discovery:discover_packages(prefix_path) using defaults
[15.804s] Level 5:colcon.colcon_core.verb:set package 'robot_nav' build argument 'cmake_args' from command line to 'None'
[15.804s] Level 5:colcon.colcon_core.verb:set package 'robot_nav' build argument 'cmake_target' from command line to 'None'
[15.804s] Level 5:colcon.colcon_core.verb:set package 'robot_nav' build argument 'cmake_target_skip_unavailable' from command line to 'False'
[15.804s] Level 5:colcon.colcon_core.verb:set package 'robot_nav' build argument 'cmake_clean_cache' from command line to 'False'
[15.804s] Level 5:colcon.colcon_core.verb:set package 'robot_nav' build argument 'cmake_clean_first' from command line to 'False'
[15.804s] Level 5:colcon.colcon_core.verb:set package 'robot_nav' build argument 'cmake_force_configure' from command line to 'False'
[15.804s] Level 5:colcon.colcon_core.verb:set package 'robot_nav' build argument 'ament_cmake_args' from command line to 'None'
[15.804s] Level 5:colcon.colcon_core.verb:set package 'robot_nav' build argument 'catkin_cmake_args' from command line to 'None'
[15.804s] Level 5:colcon.colcon_core.verb:set package 'robot_nav' build argument 'catkin_skip_building_tests' from command line to 'False'
[15.804s] DEBUG:colcon.colcon_core.verb:Building package 'robot_nav' with the following arguments: {'ament_cmake_args': None, 'build_base': '/home/g-amer/ros2_ws/build/robot_nav', 'catkin_cmake_args': None, 'catkin_skip_building_tests': False, 'cmake_args': None, 'cmake_clean_cache': False, 'cmake_clean_first': False, 'cmake_force_configure': False, 'cmake_target': None, 'cmake_target_skip_unavailable': False, 'install_base': '/home/g-amer/ros2_ws/install/robot_nav', 'merge_install': False, 'path': '/home/g-amer/ros2_ws/src/robot_nav', 'symlink_install': True, 'test_result_base': None}
[15.804s] INFO:colcon.colcon_core.executor:Executing jobs using 'parallel' executor
[15.805s] DEBUG:colcon.colcon_parallel_executor.executor.parallel:run_until_complete
[15.805s] INFO:colcon.colcon_ros.task.ament_python.build:Building ROS package in '/home/g-amer/ros2_ws/src/robot_nav' with build type 'ament_python'
[15.805s] Level 1:colcon.colcon_core.shell:create_environment_hook('robot_nav', 'ament_prefix_path')
[16.042s] INFO:colcon.colcon_core.plugin_system:Skipping extension 'colcon_core.shell.bat': Not used on non-Windows systems
[16.042s] INFO:colcon.colcon_core.shell:Creating environment hook '/home/g-amer/ros2_ws/install/robot_nav/share/robot_nav/hook/ament_prefix_path.ps1'
[16.071s] INFO:colcon.colcon_core.shell:Creating environment descriptor '/home/g-amer/ros2_ws/install/robot_nav/share/robot_nav/hook/ament_prefix_path.dsv'
[16.088s] INFO:colcon.colcon_core.shell:Creating environment hook '/home/g-amer/ros2_ws/install/robot_nav/share/robot_nav/hook/ament_prefix_path.sh'
[16.089s] INFO:colcon.colcon_core.shell:Skip shell extension 'powershell' for command environment: Not usable outside of PowerShell
[16.089s] DEBUG:colcon.colcon_core.shell:Skip shell extension 'dsv' for command environment
[16.574s] INFO:colcon.colcon_core.task.python.build:Building Python package in '/home/g-amer/ros2_ws/src/robot_nav'
[16.575s] INFO:colcon.colcon_core.shell:Skip shell extension 'powershell' for command environment: Not usable outside of PowerShell
[16.575s] DEBUG:colcon.colcon_core.shell:Skip shell extension 'dsv' for command environment
[24.747s] DEBUG:colcon.colcon_core.event_handler.log_command:Invoking command in '/home/g-amer/ros2_ws/build/robot_nav': PYTHONPATH=/home/g-amer/ros2_ws/build/robot_nav/prefix_override:/usr/lib/python3/dist-packages/colcon_core/task/python/colcon_distutils_commands:/home/g-amer/ros2_ws/install/robot_nav/lib/python3.10/site-packages:${PYTHONPATH} /usr/bin/python3 -W ignore:setup.py install is deprecated -W ignore:easy_install command is deprecated setup.py develop --editable --build-directory /home/g-amer/ros2_ws/build/robot_nav/build --no-deps symlink_data
[26.776s] Level 1:colcon.colcon_core.shell:create_environment_hook('robot_nav', 'pythonpath_develop')
[26.776s] INFO:colcon.colcon_core.shell:Creating environment hook '/home/g-amer/ros2_ws/build/robot_nav/share/robot_nav/hook/pythonpath_develop.ps1'
[26.777s] DEBUG:colcon.colcon_core.event_handler.log_command:Invoked command in '/home/g-amer/ros2_ws/build/robot_nav' returned '0': PYTHONPATH=/home/g-amer/ros2_ws/build/robot_nav/prefix_override:/usr/lib/python3/dist-packages/colcon_core/task/python/colcon_distutils_commands:/home/g-amer/ros2_ws/install/robot_nav/lib/python3.10/site-packages:${PYTHONPATH} /usr/bin/python3 -W ignore:setup.py install is deprecated -W ignore:easy_install command is deprecated setup.py develop --editable --build-directory /home/g-amer/ros2_ws/build/robot_nav/build --no-deps symlink_data
[26.777s] INFO:colcon.colcon_core.shell:Creating environment descriptor '/home/g-amer/ros2_ws/build/robot_nav/share/robot_nav/hook/pythonpath_develop.dsv'
[26.777s] INFO:colcon.colcon_core.shell:Creating environment hook '/home/g-amer/ros2_ws/build/robot_nav/share/robot_nav/hook/pythonpath_develop.sh'
[26.907s] Level 1:colcon.colcon_core.environment:checking '/home/g-amer/ros2_ws/install/robot_nav' for CMake module files
[26.908s] Level 1:colcon.colcon_core.environment:checking '/home/g-amer/ros2_ws/install/robot_nav' for CMake config files
[26.926s] Level 1:colcon.colcon_core.environment:checking '/home/g-amer/ros2_ws/install/robot_nav/lib'
[26.927s] Level 1:colcon.colcon_core.environment:checking '/home/g-amer/ros2_ws/install/robot_nav/bin'
[26.927s] Level 1:colcon.colcon_core.environment:checking '/home/g-amer/ros2_ws/install/robot_nav/lib/pkgconfig/robot_nav.pc'
[26.927s] Level 1:colcon.colcon_core.environment:checking '/home/g-amer/ros2_ws/install/robot_nav/lib/python3.10/site-packages'
[26.927s] Level 1:colcon.colcon_core.shell:create_environment_hook('robot_nav', 'pythonpath')
[26.927s] INFO:colcon.colcon_core.shell:Creating environment hook '/home/g-amer/ros2_ws/install/robot_nav/share/robot_nav/hook/pythonpath.ps1'
[26.927s] INFO:colcon.colcon_core.shell:Creating environment descriptor '/home/g-amer/ros2_ws/install/robot_nav/share/robot_nav/hook/pythonpath.dsv'
[26.928s] INFO:colcon.colcon_core.shell:Creating environment hook '/home/g-amer/ros2_ws/install/robot_nav/share/robot_nav/hook/pythonpath.sh'
[26.928s] Level 1:colcon.colcon_core.environment:checking '/home/g-amer/ros2_ws/install/robot_nav/bin'
[26.928s] Level 1:colcon.colcon_core.environment:create_environment_scripts_only(robot_nav)
[26.928s] INFO:colcon.colcon_core.shell:Creating package script '/home/g-amer/ros2_ws/install/robot_nav/share/robot_nav/package.ps1'
[26.937s] INFO:colcon.colcon_core.shell:Creating package descriptor '/home/g-amer/ros2_ws/install/robot_nav/share/robot_nav/package.dsv'
[26.947s] INFO:colcon.colcon_core.shell:Creating package script '/home/g-amer/ros2_ws/install/robot_nav/share/robot_nav/package.sh'
[26.948s] INFO:colcon.colcon_core.shell:Creating package script '/home/g-amer/ros2_ws/install/robot_nav/share/robot_nav/package.bash'
[26.963s] INFO:colcon.colcon_core.shell:Creating package script '/home/g-amer/ros2_ws/install/robot_nav/share/robot_nav/package.zsh'
[26.975s] Level 1:colcon.colcon_core.environment:create_file_with_runtime_dependencies(/home/g-amer/ros2_ws/install/robot_nav/share/colcon-core/packages/robot_nav)
[26.975s] DEBUG:colcon.colcon_parallel_executor.executor.parallel:closing loop
[26.976s] DEBUG:colcon.colcon_parallel_executor.executor.parallel:loop closed
[26.976s] DEBUG:colcon.colcon_parallel_executor.executor.parallel:run_until_complete finished with '0'
[26.976s] DEBUG:colcon.colcon_core.event_reactor:joining thread
[27.102s] INFO:colcon.colcon_core.plugin_system:Skipping extension 'colcon_notification.desktop_notification.terminal_notifier': Not used on non-Darwin systems
[27.102s] INFO:colcon.colcon_core.plugin_system:Skipping extension 'colcon_notification.desktop_notification.win32': Not used on non-Windows systems
[27.102s] INFO:colcon.colcon_notification.desktop_notification:Sending desktop notification using 'notify2'
[27.110s] DEBUG:colcon.colcon_core.event_reactor:joined thread
[27.111s] INFO:colcon.colcon_core.shell:Creating prefix script '/home/g-amer/ros2_ws/install/local_setup.ps1'
[27.112s] INFO:colcon.colcon_core.shell:Creating prefix util module '/home/g-amer/ros2_ws/install/_local_setup_util_ps1.py'
[27.113s] INFO:colcon.colcon_core.shell:Creating prefix chain script '/home/g-amer/ros2_ws/install/setup.ps1'
[27.117s] INFO:colcon.colcon_core.shell:Creating prefix script '/home/g-amer/ros2_ws/install/local_setup.sh'
[27.117s] INFO:colcon.colcon_core.shell:Creating prefix util module '/home/g-amer/ros2_ws/install/_local_setup_util_sh.py'
[27.118s] INFO:colcon.colcon_core.shell:Creating prefix chain script '/home/g-amer/ros2_ws/install/setup.sh'
[27.122s] INFO:colcon.colcon_core.shell:Creating prefix script '/home/g-amer/ros2_ws/install/local_setup.bash'
[27.123s] INFO:colcon.colcon_core.shell:Creating prefix chain script '/home/g-amer/ros2_ws/install/setup.bash'
[27.126s] INFO:colcon.colcon_core.shell:Creating prefix script '/home/g-amer/ros2_ws/install/local_setup.zsh'
[27.127s] INFO:colcon.colcon_core.shell:Creating prefix chain script '/home/g-amer/ros2_ws/install/setup.zsh'
